<?xml version="1.0" encoding="UTF-8"?>
<!-- Generated by org.testng.reporters.JUnitReportReporter -->
<testsuite hostname="DESKTOP-DHP2JI6" failures="0" tests="1" name="CourseCollection.getSpecificCourse" time="٤.٧٠٩" errors="0" timestamp="٢٠٢١-١١-١٣T٢٢:٣٧:٣٤ AST" skipped="0">
  <testcase classname="CourseCollection.getSpecificCourse" name="get_one_course" time="٤.٧٠٩"/>
  <system-out/>
</testsuite> <!-- CourseCollection.getSpecificCourse -->
