<?xml version="1.0" encoding="UTF-8"?>
<!-- Generated by org.testng.reporters.JUnitReportReporter -->
<testsuite hostname="DESKTOP-DHP2JI6" failures="0" tests="2" name="CourseCollection.editcourse" time="٦.٦٨٠" errors="0" timestamp="٢٠٢١-١١-١٣T٢٢:٣٤:٠٤ AST" skipped="0">
  <testcase classname="CourseCollection.editcourse" name="edit_course" time="٦.٥٧٠"/>
  <system-out/>
  <testcase classname="CourseCollection.editcourse" name="getcourse" time="٠.١١٠"/>
  <system-out/>
</testsuite> <!-- CourseCollection.editcourse -->
