<?xml version="1.0" encoding="UTF-8"?>
<!-- Generated by org.testng.reporters.JUnitReportReporter -->
<testsuite hostname="DESKTOP-DHP2JI6" failures="0" tests="1" name="CourseCollection.getallcourses" time="٧.٧٤٦" errors="0" timestamp="٢٠٢١-١١-١٣T٢٢:٣٦:٠٨ AST" skipped="0">
  <testcase classname="CourseCollection.getallcourses" name="get_all_courses" time="٧.٧٤٦"/>
  <system-out/>
</testsuite> <!-- CourseCollection.getallcourses -->
