<?xml version="1.0" encoding="UTF-8"?>
<!-- Generated by org.testng.reporters.JUnitReportReporter -->
<testsuite hostname="DESKTOP-DHP2JI6" failures="0" tests="2" name="CourseCollection.deletecourse" time="٤.٥٢٨" errors="0" timestamp="٢٠٢١-١١-١٣T٢٢:٣٨:٤٣ AST" skipped="0">
  <testcase classname="CourseCollection.deletecourse" name="delete_course" time="٤.٤٧١"/>
  <system-out/>
  <testcase classname="CourseCollection.deletecourse" name="get_course" time="٠.٠٥٧"/>
  <system-out/>
</testsuite> <!-- CourseCollection.deletecourse -->
