<?xml version="1.0" encoding="UTF-8"?>
<!-- Generated by org.testng.reporters.JUnitReportReporter -->
<testsuite hostname="DESKTOP-DHP2JI6" failures="0" tests="1" name="CourseCollection.addcourse" time="٦.٤٦٦" errors="0" timestamp="٢٠٢١-١١-١٣T٢٢:١٨:٣٠ AST" skipped="0">
  <testcase classname="CourseCollection.addcourse" name="get_one_course" time="٦.٤٦٦"/>
  <system-out/>
</testsuite> <!-- CourseCollection.addcourse -->
